TN:
SF:models\basket.js
FN:5,(anonymous_0)
FN:12,(anonymous_1)
FNF:2
FNH:2
FNDA:1,(anonymous_0)
FNDA:1,(anonymous_1)
DA:4,1
DA:5,1
DA:16,1
DA:25,1
LF:4
LH:4
BRF:0
BRH:0
end_of_record
TN:
SF:models\index.js
FN:20,(anonymous_0)
FN:23,(anonymous_1)
FN:28,(anonymous_2)
FNF:3
FNH:3
FNDA:2,(anonymous_0)
FNDA:1,(anonymous_1)
FNDA:1,(anonymous_2)
DA:3,1
DA:4,1
DA:5,1
DA:6,1
DA:7,1
DA:8,1
DA:9,1
DA:12,1
DA:13,0
DA:15,1
DA:18,1
DA:21,2
DA:24,1
DA:25,1
DA:28,1
DA:29,1
DA:30,1
DA:34,1
DA:35,1
DA:37,1
LF:20
LH:19
BRDA:7,0,0,1
BRDA:7,0,1,0
BRDA:12,1,0,0
BRDA:12,1,1,1
BRDA:21,2,0,2
BRDA:21,2,1,2
BRDA:21,2,2,1
BRDA:29,3,0,1
BRDA:29,3,1,0
BRF:9
BRH:6
end_of_record
TN:
SF:src\basket\controller.js
FN:7,(anonymous_0)
FN:11,(anonymous_1)
FN:16,(anonymous_2)
FN:27,(anonymous_3)
FN:35,(anonymous_4)
FN:49,(anonymous_5)
FN:57,(anonymous_6)
FN:64,(anonymous_7)
FN:73,(anonymous_8)
FN:80,(anonymous_9)
FN:88,(anonymous_10)
FNF:11
FNH:10
FNDA:1,(anonymous_0)
FNDA:0,(anonymous_1)
FNDA:10,(anonymous_2)
FNDA:9,(anonymous_3)
FNDA:2,(anonymous_4)
FNDA:1,(anonymous_5)
FNDA:2,(anonymous_6)
FNDA:1,(anonymous_7)
FNDA:2,(anonymous_8)
FNDA:1,(anonymous_9)
FNDA:1,(anonymous_10)
DA:1,1
DA:2,1
DA:3,1
DA:5,1
DA:7,1
DA:8,1
DA:11,1
DA:12,0
DA:16,1
DA:18,10
DA:20,10
DA:22,10
DA:23,1
DA:26,9
DA:28,9
DA:31,9
DA:35,1
DA:37,2
DA:38,1
DA:41,1
DA:50,1
DA:53,1
DA:57,1
DA:59,2
DA:60,1
DA:63,1
DA:65,1
DA:68,1
DA:73,1
DA:75,2
DA:76,1
DA:79,1
DA:81,1
DA:84,1
DA:88,1
DA:90,1
DA:95,1
LF:37
LH:36
BRDA:20,0,0,1
BRDA:20,0,1,9
BRDA:22,1,0,1
BRDA:22,1,1,9
BRDA:22,2,0,10
BRDA:22,2,1,9
BRDA:22,2,2,9
BRDA:22,2,3,9
BRDA:37,3,0,1
BRDA:37,3,1,1
BRDA:37,4,0,2
BRDA:37,4,1,1
BRDA:37,4,2,1
BRDA:59,5,0,1
BRDA:59,5,1,1
BRDA:59,6,0,2
BRDA:59,6,1,1
BRDA:75,7,0,1
BRDA:75,7,1,1
BRDA:75,8,0,2
BRDA:75,8,1,2
BRDA:75,8,2,2
BRDA:75,8,3,2
BRF:23
BRH:23
end_of_record
